  ChadaTech.cpp
C:\Users\jordy\source\repos\ChadaTech\ChadaTech\ChadaTech.cpp(11,23): error C2079: 'ss' uses undefined class 'std::basic_stringstream<char,std::char_traits<char>,std::allocator<char>>'
C:\Users\jordy\source\repos\ChadaTech\ChadaTech\ChadaTech.cpp(12,8): error C2677: binary '<<': no global operator found which takes type 'std::_Smanip<std::streamsize>' (or there is no acceptable conversion)
  C:\Program Files\Microsoft Visual Studio\2022\Community\VC\Tools\MSVC\14.38.33130\include\xstring(5193,32):
  could be 'std::basic_ostream<_Elem,_Traits> &std::operator <<(std::basic_ostream<_Elem,_Traits> &,const std::basic_string<_Elem,_Traits,_Alloc> &)'
  	C:\Users\jordy\source\repos\ChadaTech\ChadaTech\ChadaTech.cpp(12,5):
  	'std::basic_ostream<_Elem,_Traits> &std::operator <<(std::basic_ostream<_Elem,_Traits> &,const std::basic_string<_Elem,_Traits,_Alloc> &)': could not deduce template argument for 'std::basic_ostream<_Elem,_Traits> &' from 'int'
  C:\Program Files\Microsoft Visual Studio\2022\Community\VC\Tools\MSVC\14.38.33130\include\memory(1978,32):
  or       'std::basic_ostream<_Elem,_Traits> &std::operator <<(std::basic_ostream<_Elem,_Traits> &,const std::shared_ptr<_Ty> &)'
  	C:\Users\jordy\source\repos\ChadaTech\ChadaTech\ChadaTech.cpp(12,5):
  	'std::basic_ostream<_Elem,_Traits> &std::operator <<(std::basic_ostream<_Elem,_Traits> &,const std::shared_ptr<_Ty> &)': could not deduce template argument for 'std::basic_ostream<_Elem,_Traits> &' from 'int'
  C:\Program Files\Microsoft Visual Studio\2022\Community\VC\Tools\MSVC\14.38.33130\include\memory(3629,32):
  or       'std::basic_ostream<_Elem,_Traits> &std::operator <<(std::basic_ostream<_Elem,_Traits> &,const std::unique_ptr<_Ty2,_Dx2> &)'
  	C:\Users\jordy\source\repos\ChadaTech\ChadaTech\ChadaTech.cpp(12,5):
  	'std::basic_ostream<_Elem,_Traits> &std::operator <<(std::basic_ostream<_Elem,_Traits> &,const std::unique_ptr<_Ty2,_Dx2> &)': could not deduce template argument for 'std::basic_ostream<_Elem,_Traits> &' from 'int'
  C:\Program Files\Microsoft Visual Studio\2022\Community\VC\Tools\MSVC\14.38.33130\include\ostream(686,32):
  or       'std::basic_ostream<_Elem,_Traits> &std::operator <<(std::basic_ostream<_Elem,_Traits> &,const char *)'
  	C:\Users\jordy\source\repos\ChadaTech\ChadaTech\ChadaTech.cpp(12,5):
  	'std::basic_ostream<_Elem,_Traits> &std::operator <<(std::basic_ostream<_Elem,_Traits> &,const char *)': could not deduce template argument for 'std::basic_ostream<_Elem,_Traits> &' from 'int'
  C:\Program Files\Microsoft Visual Studio\2022\Community\VC\Tools\MSVC\14.38.33130\include\ostream(730,32):
  or       'std::basic_ostream<_Elem,_Traits> &std::operator <<(std::basic_ostream<_Elem,_Traits> &,char)'
  	C:\Users\jordy\source\repos\ChadaTech\ChadaTech\ChadaTech.cpp(12,5):
  	'std::basic_ostream<_Elem,_Traits> &std::operator <<(std::basic_ostream<_Elem,_Traits> &,char)': could not deduce template argument for 'std::basic_ostream<_Elem,_Traits> &' from 'int'
  C:\Program Files\Microsoft Visual Studio\2022\Community\VC\Tools\MSVC\14.38.33130\include\ostream(766,31):
  or       'std::basic_ostream<char,_Traits> &std::operator <<(std::basic_ostream<char,_Traits> &,const char *)'
  	C:\Users\jordy\source\repos\ChadaTech\ChadaTech\ChadaTech.cpp(12,5):
  	'std::basic_ostream<char,_Traits> &std::operator <<(std::basic_ostream<char,_Traits> &,const char *)': could not deduce template argument for 'std::basic_ostream<char,_Traits> &' from 'int'
  C:\Program Files\Microsoft Visual Studio\2022\Community\VC\Tools\MSVC\14.38.33130\include\ostream(811,31):
  or       'std::basic_ostream<char,_Traits> &std::operator <<(std::basic_ostream<char,_Traits> &,char)'
  	C:\Users\jordy\source\repos\ChadaTech\ChadaTech\ChadaTech.cpp(12,5):
  	'std::basic_ostream<char,_Traits> &std::operator <<(std::basic_ostream<char,_Traits> &,char)': could not deduce template argument for 'std::basic_ostream<char,_Traits> &' from 'int'
  C:\Program Files\Microsoft Visual Studio\2022\Community\VC\Tools\MSVC\14.38.33130\include\ostream(849,32):
  or       'std::basic_ostream<_Elem,_Traits> &std::operator <<(std::basic_ostream<_Elem,_Traits> &,const _Elem *)'
  	C:\Users\jordy\source\repos\ChadaTech\ChadaTech\ChadaTech.cpp(12,5):
  	'std::basic_ostream<_Elem,_Traits> &std::operator <<(std::basic_ostream<_Elem,_Traits> &,const _Elem *)': could not deduce template argument for 'std::basic_ostream<_Elem,_Traits> &' from 'int'
  C:\Program Files\Microsoft Visual Studio\2022\Community\VC\Tools\MSVC\14.38.33130\include\ostream(892,32):
  or       'std::basic_ostream<_Elem,_Traits> &std::operator <<(std::basic_ostream<_Elem,_Traits> &,_Elem)'
  	C:\Users\jordy\source\repos\ChadaTech\ChadaTech\ChadaTech.cpp(12,5):
  	'std::basic_ostream<_Elem,_Traits> &std::operator <<(std::basic_ostream<_Elem,_Traits> &,_Elem)': could not deduce template argument for 'std::basic_ostream<_Elem,_Traits> &' from 'int'
  C:\Program Files\Microsoft Visual Studio\2022\Community\VC\Tools\MSVC\14.38.33130\include\ostream(928,31):
  or       'std::basic_ostream<char,_Traits> &std::operator <<(std::basic_ostream<char,_Traits> &,const signed char *)'
  	C:\Users\jordy\source\repos\ChadaTech\ChadaTech\ChadaTech.cpp(12,5):
  	'std::basic_ostream<char,_Traits> &std::operator <<(std::basic_ostream<char,_Traits> &,const signed char *)': could not deduce template argument for 'std::basic_ostream<char,_Traits> &' from 'int'
  C:\Program Files\Microsoft Visual Studio\2022\Community\VC\Tools\MSVC\14.38.33130\include\ostream(934,31):
  or       'std::basic_ostream<char,_Traits> &std::operator <<(std::basic_ostream<char,_Traits> &,signed char)'
  	C:\Users\jordy\source\repos\ChadaTech\ChadaTech\ChadaTech.cpp(12,5):
  	'std::basic_ostream<char,_Traits> &std::operator <<(std::basic_ostream<char,_Traits> &,signed char)': could not deduce template argument for 'std::basic_ostream<char,_Traits> &' from 'int'
  C:\Program Files\Microsoft Visual Studio\2022\Community\VC\Tools\MSVC\14.38.33130\include\ostream(939,31):
  or       'std::basic_ostream<char,_Traits> &std::operator <<(std::basic_ostream<char,_Traits> &,const unsigned char *)'
  	C:\Users\jordy\source\repos\ChadaTech\ChadaTech\ChadaTech.cpp(12,5):
  	'std::basic_ostream<char,_Traits> &std::operator <<(std::basic_ostream<char,_Traits> &,const unsigned char *)': could not deduce template argument for 'std::basic_ostream<char,_Traits> &' from 'int'
  C:\Program Files\Microsoft Visual Studio\2022\Community\VC\Tools\MSVC\14.38.33130\include\ostream(945,31):
  or       'std::basic_ostream<char,_Traits> &std::operator <<(std::basic_ostream<char,_Traits> &,unsigned char)'
  	C:\Users\jordy\source\repos\ChadaTech\ChadaTech\ChadaTech.cpp(12,5):
  	'std::basic_ostream<char,_Traits> &std::operator <<(std::basic_ostream<char,_Traits> &,unsigned char)': could not deduce template argument for 'std::basic_ostream<char,_Traits> &' from 'int'
  C:\Program Files\Microsoft Visual Studio\2022\Community\VC\Tools\MSVC\14.38.33130\include\ostream(1003,9):
  or       '_Ostr &&std::operator <<(_Ostr &&,const _Ty &)'
  	C:\Users\jordy\source\repos\ChadaTech\ChadaTech\ChadaTech.cpp(12,5):
  	'_Ostr &&std::operator <<(_Ostr &&,const _Ty &)': could not deduce template argument for '__formal'
  		C:\Program Files\Microsoft Visual Studio\2022\Community\VC\Tools\MSVC\14.38.33130\include\ostream(1002,103):
  		'<template-parameter>': you cannot create a pointer to a reference
  C:\Program Files\Microsoft Visual Studio\2022\Community\VC\Tools\MSVC\14.38.33130\include\ostream(1080,32):
  or       'std::basic_ostream<_Elem,_Traits> &std::operator <<(std::basic_ostream<_Elem,_Traits> &,const std::error_code &)'
  	C:\Users\jordy\source\repos\ChadaTech\ChadaTech\ChadaTech.cpp(12,5):
  	'std::basic_ostream<_Elem,_Traits> &std::operator <<(std::basic_ostream<_Elem,_Traits> &,const std::error_code &)': could not deduce template argument for 'std::basic_ostream<_Elem,_Traits> &' from 'int'
  C:\Program Files\Microsoft Visual Studio\2022\Community\VC\Tools\MSVC\14.38.33130\include\iomanip(384,43):
  or       'std::basic_ostream<_Elem,_Traits> &std::operator <<(std::basic_ostream<_Elem,_Traits> &,const std::_Smanip<std::streamsize> &)'
  	C:\Users\jordy\source\repos\ChadaTech\ChadaTech\ChadaTech.cpp(12,5):
  	'std::basic_ostream<_Elem,_Traits> &std::operator <<(std::basic_ostream<_Elem,_Traits> &,const std::_Smanip<std::streamsize> &)': could not deduce template argument for 'std::basic_ostream<_Elem,_Traits> &' from 'int'
  
C:\Users\jordy\source\repos\ChadaTech\ChadaTech\ChadaTech.cpp(21,23): error C2079: 'ss' uses undefined class 'std::basic_stringstream<char,std::char_traits<char>,std::allocator<char>>'
C:\Users\jordy\source\repos\ChadaTech\ChadaTech\ChadaTech.cpp(22,8): error C2677: binary '<<': no global operator found which takes type 'std::_Smanip<std::streamsize>' (or there is no acceptable conversion)
  C:\Program Files\Microsoft Visual Studio\2022\Community\VC\Tools\MSVC\14.38.33130\include\xstring(5193,32):
  could be 'std::basic_ostream<_Elem,_Traits> &std::operator <<(std::basic_ostream<_Elem,_Traits> &,const std::basic_string<_Elem,_Traits,_Alloc> &)'
  	C:\Users\jordy\source\repos\ChadaTech\ChadaTech\ChadaTech.cpp(22,5):
  	'std::basic_ostream<_Elem,_Traits> &std::operator <<(std::basic_ostream<_Elem,_Traits> &,const std::basic_string<_Elem,_Traits,_Alloc> &)': could not deduce template argument for 'std::basic_ostream<_Elem,_Traits> &' from 'int'
  C:\Program Files\Microsoft Visual Studio\2022\Community\VC\Tools\MSVC\14.38.33130\include\memory(1978,32):
  or       'std::basic_ostream<_Elem,_Traits> &std::operator <<(std::basic_ostream<_Elem,_Traits> &,const std::shared_ptr<_Ty> &)'
  	C:\Users\jordy\source\repos\ChadaTech\ChadaTech\ChadaTech.cpp(22,5):
  	'std::basic_ostream<_Elem,_Traits> &std::operator <<(std::basic_ostream<_Elem,_Traits> &,const std::shared_ptr<_Ty> &)': could not deduce template argument for 'std::basic_ostream<_Elem,_Traits> &' from 'int'
  C:\Program Files\Microsoft Visual Studio\2022\Community\VC\Tools\MSVC\14.38.33130\include\memory(3629,32):
  or       'std::basic_ostream<_Elem,_Traits> &std::operator <<(std::basic_ostream<_Elem,_Traits> &,const std::unique_ptr<_Ty2,_Dx2> &)'
  	C:\Users\jordy\source\repos\ChadaTech\ChadaTech\ChadaTech.cpp(22,5):
  	'std::basic_ostream<_Elem,_Traits> &std::operator <<(std::basic_ostream<_Elem,_Traits> &,const std::unique_ptr<_Ty2,_Dx2> &)': could not deduce template argument for 'std::basic_ostream<_Elem,_Traits> &' from 'int'
  C:\Program Files\Microsoft Visual Studio\2022\Community\VC\Tools\MSVC\14.38.33130\include\ostream(686,32):
  or       'std::basic_ostream<_Elem,_Traits> &std::operator <<(std::basic_ostream<_Elem,_Traits> &,const char *)'
  	C:\Users\jordy\source\repos\ChadaTech\ChadaTech\ChadaTech.cpp(22,5):
  	'std::basic_ostream<_Elem,_Traits> &std::operator <<(std::basic_ostream<_Elem,_Traits> &,const char *)': could not deduce template argument for 'std::basic_ostream<_Elem,_Traits> &' from 'int'
  C:\Program Files\Microsoft Visual Studio\2022\Community\VC\Tools\MSVC\14.38.33130\include\ostream(730,32):
  or       'std::basic_ostream<_Elem,_Traits> &std::operator <<(std::basic_ostream<_Elem,_Traits> &,char)'
  	C:\Users\jordy\source\repos\ChadaTech\ChadaTech\ChadaTech.cpp(22,5):
  	'std::basic_ostream<_Elem,_Traits> &std::operator <<(std::basic_ostream<_Elem,_Traits> &,char)': could not deduce template argument for 'std::basic_ostream<_Elem,_Traits> &' from 'int'
  C:\Program Files\Microsoft Visual Studio\2022\Community\VC\Tools\MSVC\14.38.33130\include\ostream(766,31):
  or       'std::basic_ostream<char,_Traits> &std::operator <<(std::basic_ostream<char,_Traits> &,const char *)'
  	C:\Users\jordy\source\repos\ChadaTech\ChadaTech\ChadaTech.cpp(22,5):
  	'std::basic_ostream<char,_Traits> &std::operator <<(std::basic_ostream<char,_Traits> &,const char *)': could not deduce template argument for 'std::basic_ostream<char,_Traits> &' from 'int'
  C:\Program Files\Microsoft Visual Studio\2022\Community\VC\Tools\MSVC\14.38.33130\include\ostream(811,31):
  or       'std::basic_ostream<char,_Traits> &std::operator <<(std::basic_ostream<char,_Traits> &,char)'
  	C:\Users\jordy\source\repos\ChadaTech\ChadaTech\ChadaTech.cpp(22,5):
  	'std::basic_ostream<char,_Traits> &std::operator <<(std::basic_ostream<char,_Traits> &,char)': could not deduce template argument for 'std::basic_ostream<char,_Traits> &' from 'int'
  C:\Program Files\Microsoft Visual Studio\2022\Community\VC\Tools\MSVC\14.38.33130\include\ostream(849,32):
  or       'std::basic_ostream<_Elem,_Traits> &std::operator <<(std::basic_ostream<_Elem,_Traits> &,const _Elem *)'
  	C:\Users\jordy\source\repos\ChadaTech\ChadaTech\ChadaTech.cpp(22,5):
  	'std::basic_ostream<_Elem,_Traits> &std::operator <<(std::basic_ostream<_Elem,_Traits> &,const _Elem *)': could not deduce template argument for 'std::basic_ostream<_Elem,_Traits> &' from 'int'
  C:\Program Files\Microsoft Visual Studio\2022\Community\VC\Tools\MSVC\14.38.33130\include\ostream(892,32):
  or       'std::basic_ostream<_Elem,_Traits> &std::operator <<(std::basic_ostream<_Elem,_Traits> &,_Elem)'
  	C:\Users\jordy\source\repos\ChadaTech\ChadaTech\ChadaTech.cpp(22,5):
  	'std::basic_ostream<_Elem,_Traits> &std::operator <<(std::basic_ostream<_Elem,_Traits> &,_Elem)': could not deduce template argument for 'std::basic_ostream<_Elem,_Traits> &' from 'int'
  C:\Program Files\Microsoft Visual Studio\2022\Community\VC\Tools\MSVC\14.38.33130\include\ostream(928,31):
  or       'std::basic_ostream<char,_Traits> &std::operator <<(std::basic_ostream<char,_Traits> &,const signed char *)'
  	C:\Users\jordy\source\repos\ChadaTech\ChadaTech\ChadaTech.cpp(22,5):
  	'std::basic_ostream<char,_Traits> &std::operator <<(std::basic_ostream<char,_Traits> &,const signed char *)': could not deduce template argument for 'std::basic_ostream<char,_Traits> &' from 'int'
  C:\Program Files\Microsoft Visual Studio\2022\Community\VC\Tools\MSVC\14.38.33130\include\ostream(934,31):
  or       'std::basic_ostream<char,_Traits> &std::operator <<(std::basic_ostream<char,_Traits> &,signed char)'
  	C:\Users\jordy\source\repos\ChadaTech\ChadaTech\ChadaTech.cpp(22,5):
  	'std::basic_ostream<char,_Traits> &std::operator <<(std::basic_ostream<char,_Traits> &,signed char)': could not deduce template argument for 'std::basic_ostream<char,_Traits> &' from 'int'
  C:\Program Files\Microsoft Visual Studio\2022\Community\VC\Tools\MSVC\14.38.33130\include\ostream(939,31):
  or       'std::basic_ostream<char,_Traits> &std::operator <<(std::basic_ostream<char,_Traits> &,const unsigned char *)'
  	C:\Users\jordy\source\repos\ChadaTech\ChadaTech\ChadaTech.cpp(22,5):
  	'std::basic_ostream<char,_Traits> &std::operator <<(std::basic_ostream<char,_Traits> &,const unsigned char *)': could not deduce template argument for 'std::basic_ostream<char,_Traits> &' from 'int'
  C:\Program Files\Microsoft Visual Studio\2022\Community\VC\Tools\MSVC\14.38.33130\include\ostream(945,31):
  or       'std::basic_ostream<char,_Traits> &std::operator <<(std::basic_ostream<char,_Traits> &,unsigned char)'
  	C:\Users\jordy\source\repos\ChadaTech\ChadaTech\ChadaTech.cpp(22,5):
  	'std::basic_ostream<char,_Traits> &std::operator <<(std::basic_ostream<char,_Traits> &,unsigned char)': could not deduce template argument for 'std::basic_ostream<char,_Traits> &' from 'int'
  C:\Program Files\Microsoft Visual Studio\2022\Community\VC\Tools\MSVC\14.38.33130\include\ostream(1003,9):
  or       '_Ostr &&std::operator <<(_Ostr &&,const _Ty &)'
  	C:\Users\jordy\source\repos\ChadaTech\ChadaTech\ChadaTech.cpp(22,5):
  	'_Ostr &&std::operator <<(_Ostr &&,const _Ty &)': could not deduce template argument for '__formal'
  		C:\Program Files\Microsoft Visual Studio\2022\Community\VC\Tools\MSVC\14.38.33130\include\ostream(1002,103):
  		'<template-parameter>': you cannot create a pointer to a reference
  C:\Program Files\Microsoft Visual Studio\2022\Community\VC\Tools\MSVC\14.38.33130\include\ostream(1080,32):
  or       'std::basic_ostream<_Elem,_Traits> &std::operator <<(std::basic_ostream<_Elem,_Traits> &,const std::error_code &)'
  	C:\Users\jordy\source\repos\ChadaTech\ChadaTech\ChadaTech.cpp(22,5):
  	'std::basic_ostream<_Elem,_Traits> &std::operator <<(std::basic_ostream<_Elem,_Traits> &,const std::error_code &)': could not deduce template argument for 'std::basic_ostream<_Elem,_Traits> &' from 'int'
  C:\Program Files\Microsoft Visual Studio\2022\Community\VC\Tools\MSVC\14.38.33130\include\iomanip(384,43):
  or       'std::basic_ostream<_Elem,_Traits> &std::operator <<(std::basic_ostream<_Elem,_Traits> &,const std::_Smanip<std::streamsize> &)'
  	C:\Users\jordy\source\repos\ChadaTech\ChadaTech\ChadaTech.cpp(22,5):
  	'std::basic_ostream<_Elem,_Traits> &std::operator <<(std::basic_ostream<_Elem,_Traits> &,const std::_Smanip<std::streamsize> &)': could not deduce template argument for 'std::basic_ostream<_Elem,_Traits> &' from 'int'
  
C:\Users\jordy\source\repos\ChadaTech\ChadaTech\ChadaTech.cpp(140,9): error C2660: 'displayClocks': function does not take 2 arguments
  C:\Users\jordy\source\repos\ChadaTech\ChadaTech\ChadaTech.cpp(106,6):
  see declaration of 'displayClocks'
  C:\Users\jordy\source\repos\ChadaTech\ChadaTech\ChadaTech.cpp(140,9):
  while trying to match the argument list '(Clock12, Clock24)'
  
